2023-09-21 15:45:55.415  INFO 7801 --- [main] com.example.demo.DemoApplication         : Starting DemoApplication using Java 1.8.0_362 on adminv-Aspire-V3-574G with PID 7801 (/home/admin-v/Downloads/demo-project/demo/target/classes started by admin-v in /home/admin-v/Downloads/demo-project)
2023-09-21 15:45:55.420  INFO 7801 --- [main] com.example.demo.DemoApplication         : No active profile set, falling back to 1 default profile: "default"
2023-09-21 15:45:57.176  INFO 7801 --- [main] o.s.b.w.embedded.tomcat.TomcatWebServer  : Tomcat initialized with port(s): 8090 (http)
2023-09-21 15:45:57.203  INFO 7801 --- [main] o.apache.catalina.core.StandardService   : Starting service [Tomcat]
2023-09-21 15:45:57.204  INFO 7801 --- [main] org.apache.catalina.core.StandardEngine  : Starting Servlet engine: [Apache Tomcat/9.0.76]
2023-09-21 15:45:57.510  INFO 7801 --- [main] o.a.c.c.C.[Tomcat].[localhost].[/]       : Initializing Spring embedded WebApplicationContext
2023-09-21 15:45:57.510  INFO 7801 --- [main] w.s.c.ServletWebServerApplicationContext : Root WebApplicationContext: initialization completed in 2002 ms
2023-09-21 15:45:58.311  INFO 7801 --- [main] o.s.b.w.embedded.tomcat.TomcatWebServer  : Tomcat started on port(s): 8090 (http) with context path ''
2023-09-21 15:45:58.331  INFO 7801 --- [main] com.example.demo.DemoApplication         : Started DemoApplication in 3.569 seconds (JVM running for 4.491)
2023-09-21 15:46:10.865  INFO 7801 --- [http-nio-8090-exec-1] o.a.c.c.C.[Tomcat].[localhost].[/]       : Initializing Spring DispatcherServlet 'dispatcherServlet'
2023-09-21 15:46:10.866  INFO 7801 --- [http-nio-8090-exec-1] o.s.web.servlet.DispatcherServlet        : Initializing Servlet 'dispatcherServlet'
2023-09-21 15:46:10.868  INFO 7801 --- [http-nio-8090-exec-1] o.s.web.servlet.DispatcherServlet        : Completed initialization in 1 ms
2023-09-21 15:46:10.973  INFO 7801 --- [http-nio-8090-exec-1] com.example.demo.TestResource            : test api success fully executed
2023-09-21 16:24:09.396  INFO 8546 --- [main] com.example.demo.DemoApplication         : Starting DemoApplication using Java 1.8.0_362 on adminv-Aspire-V3-574G with PID 8546 (/home/admin-v/Downloads/demo-project/demo/target/classes started by admin-v in /home/admin-v/Downloads/demo-project)
2023-09-21 16:24:09.466  INFO 8546 --- [main] com.example.demo.DemoApplication         : No active profile set, falling back to 1 default profile: "default"
2023-09-21 16:24:13.564  INFO 8546 --- [main] o.s.b.w.embedded.tomcat.TomcatWebServer  : Tomcat initialized with port(s): 8090 (http)
2023-09-21 16:24:14.010  INFO 8546 --- [main] o.apache.catalina.core.StandardService   : Starting service [Tomcat]
2023-09-21 16:24:14.011  INFO 8546 --- [main] org.apache.catalina.core.StandardEngine  : Starting Servlet engine: [Apache Tomcat/9.0.76]
2023-09-21 16:24:15.728  INFO 8546 --- [main] o.a.c.c.C.[Tomcat].[localhost].[/]       : Initializing Spring embedded WebApplicationContext
2023-09-21 16:24:15.728  INFO 8546 --- [main] w.s.c.ServletWebServerApplicationContext : Root WebApplicationContext: initialization completed in 5663 ms
2023-09-21 16:24:17.316  INFO 8546 --- [main] o.s.b.w.embedded.tomcat.TomcatWebServer  : Tomcat started on port(s): 8090 (http) with context path ''
2023-09-21 16:24:17.334  INFO 8546 --- [main] com.example.demo.DemoApplication         : Started DemoApplication in 11.334 seconds (JVM running for 14.465)
2023-09-21 16:24:41.024  INFO 8546 --- [http-nio-8090-exec-1] o.a.c.c.C.[Tomcat].[localhost].[/]       : Initializing Spring DispatcherServlet 'dispatcherServlet'
2023-09-21 16:24:41.025  INFO 8546 --- [http-nio-8090-exec-1] o.s.web.servlet.DispatcherServlet        : Initializing Servlet 'dispatcherServlet'
2023-09-21 16:24:41.027  INFO 8546 --- [http-nio-8090-exec-1] o.s.web.servlet.DispatcherServlet        : Completed initialization in 2 ms
2023-09-21 16:24:41.140  INFO 8546 --- [http-nio-8090-exec-1] com.example.demo.TestResource            : test api success fully executed
2023-09-21 16:27:33.907  INFO 8842 --- [main] com.example.demo.DemoApplication         : Starting DemoApplication using Java 1.8.0_362 on adminv-Aspire-V3-574G with PID 8842 (/home/admin-v/Downloads/demo-project/demo/target/classes started by admin-v in /home/admin-v/Downloads/demo-project)
2023-09-21 16:27:33.914  INFO 8842 --- [main] com.example.demo.DemoApplication         : No active profile set, falling back to 1 default profile: "default"
2023-09-21 16:27:35.650  INFO 8842 --- [main] o.s.b.w.embedded.tomcat.TomcatWebServer  : Tomcat initialized with port(s): 8090 (http)
2023-09-21 16:27:35.670  INFO 8842 --- [main] o.apache.catalina.core.StandardService   : Starting service [Tomcat]
2023-09-21 16:27:35.671  INFO 8842 --- [main] org.apache.catalina.core.StandardEngine  : Starting Servlet engine: [Apache Tomcat/9.0.76]
2023-09-21 16:27:35.800  INFO 8842 --- [main] o.a.c.c.C.[Tomcat].[localhost].[/]       : Initializing Spring embedded WebApplicationContext
2023-09-21 16:27:35.810  INFO 8842 --- [main] w.s.c.ServletWebServerApplicationContext : Root WebApplicationContext: initialization completed in 1756 ms
2023-09-21 16:27:36.454  INFO 8842 --- [main] o.s.b.w.embedded.tomcat.TomcatWebServer  : Tomcat started on port(s): 8090 (http) with context path ''
2023-09-21 16:27:36.473  INFO 8842 --- [main] com.example.demo.DemoApplication         : Started DemoApplication in 3.513 seconds (JVM running for 4.226)
2023-09-21 16:27:54.369  INFO 8842 --- [http-nio-8090-exec-1] o.a.c.c.C.[Tomcat].[localhost].[/]       : Initializing Spring DispatcherServlet 'dispatcherServlet'
2023-09-21 16:27:54.370  INFO 8842 --- [http-nio-8090-exec-1] o.s.web.servlet.DispatcherServlet        : Initializing Servlet 'dispatcherServlet'
2023-09-21 16:27:54.372  INFO 8842 --- [http-nio-8090-exec-1] o.s.web.servlet.DispatcherServlet        : Completed initialization in 2 ms
2023-09-21 16:27:54.445  INFO 8842 --- [http-nio-8090-exec-1] com.example.demo.TestResource            : test api success fully executed
2023-09-21 16:27:56.067  INFO 8842 --- [http-nio-8090-exec-3] com.example.demo.TestResource            : test api success fully executed
2023-09-21 16:30:28.482  INFO 9024 --- [main] com.example.demo.DemoApplication         : Starting DemoApplication using Java 1.8.0_362 on adminv-Aspire-V3-574G with PID 9024 (/home/admin-v/Downloads/demo-project/demo/target/classes started by admin-v in /home/admin-v/Downloads/demo-project)
2023-09-21 16:30:28.500  INFO 9024 --- [main] com.example.demo.DemoApplication         : No active profile set, falling back to 1 default profile: "default"
2023-09-21 16:30:30.445  INFO 9024 --- [main] o.s.b.w.embedded.tomcat.TomcatWebServer  : Tomcat initialized with port(s): 8090 (http)
2023-09-21 16:30:30.465  INFO 9024 --- [main] o.apache.catalina.core.StandardService   : Starting service [Tomcat]
2023-09-21 16:30:30.466  INFO 9024 --- [main] org.apache.catalina.core.StandardEngine  : Starting Servlet engine: [Apache Tomcat/9.0.76]
2023-09-21 16:30:30.585  INFO 9024 --- [main] o.a.c.c.C.[Tomcat].[localhost].[/]       : Initializing Spring embedded WebApplicationContext
2023-09-21 16:30:30.585  INFO 9024 --- [main] w.s.c.ServletWebServerApplicationContext : Root WebApplicationContext: initialization completed in 1939 ms
2023-09-21 16:30:31.263  INFO 9024 --- [main] o.s.b.w.embedded.tomcat.TomcatWebServer  : Tomcat started on port(s): 8090 (http) with context path ''
2023-09-21 16:30:31.282  INFO 9024 --- [main] com.example.demo.DemoApplication         : Started DemoApplication in 3.766 seconds (JVM running for 4.494)
2023-09-21 16:30:36.268  INFO 9024 --- [http-nio-8090-exec-1] o.a.c.c.C.[Tomcat].[localhost].[/]       : Initializing Spring DispatcherServlet 'dispatcherServlet'
2023-09-21 16:30:36.270  INFO 9024 --- [http-nio-8090-exec-1] o.s.web.servlet.DispatcherServlet        : Initializing Servlet 'dispatcherServlet'
2023-09-21 16:30:36.278  INFO 9024 --- [http-nio-8090-exec-1] o.s.web.servlet.DispatcherServlet        : Completed initialization in 6 ms
2023-09-21 16:30:36.379  INFO 9024 --- [http-nio-8090-exec-1] com.example.demo.TestResource            : test api success fully executed
2023-09-21 16:30:53.894  INFO 9024 --- [http-nio-8090-exec-2] com.example.demo.TestResource            : test api success fully executed
2023-09-21 16:30:54.954  INFO 9024 --- [http-nio-8090-exec-4] com.example.demo.TestResource            : test api success fully executed
2023-09-21 16:30:55.259  INFO 9024 --- [http-nio-8090-exec-5] com.example.demo.TestResource            : test api success fully executed
